0 info it worked if it ends with ok
1 verbose cli [ 'C:\\Program Files\\nodejs\\\\node.exe',
1 verbose cli   'C:\\Program Files\\nodejs\\node_modules\\npm\\bin\\npm-cli.js',
1 verbose cli   'install',
1 verbose cli   'fs' ]
2 info using npm@1.3.5
3 info using node@v0.10.15
4 verbose node symlink C:\Program Files\nodejs\\node.exe
5 warn package.json FormSimilarity@0.0.1 No description
6 warn package.json FormSimilarity@0.0.1 No repository field.
7 warn package.json FormSimilarity@0.0.1 No README data
8 warn package.json natural@0.1.21 No repository field.
9 verbose readDependencies using package.json deps
10 verbose cache add [ 'fs', null ]
11 verbose cache add name=undefined spec="fs" args=["fs",null]
12 verbose parsed url { protocol: null,
12 verbose parsed url   slashes: null,
12 verbose parsed url   auth: null,
12 verbose parsed url   host: null,
12 verbose parsed url   port: null,
12 verbose parsed url   hostname: null,
12 verbose parsed url   hash: null,
12 verbose parsed url   search: null,
12 verbose parsed url   query: null,
12 verbose parsed url   pathname: 'fs',
12 verbose parsed url   path: 'fs',
12 verbose parsed url   href: 'fs' }
13 silly lockFile 3f4bb586-fs fs
14 verbose lock fs C:\Users\tobin\AppData\Roaming\npm-cache\3f4bb586-fs.lock
15 silly lockFile 3f4bb586-fs fs
16 silly lockFile 3f4bb586-fs fs
17 verbose addNamed [ 'fs', '' ]
18 verbose addNamed [ null, '*' ]
19 silly lockFile a107b96b-fs fs@
20 verbose lock fs@ C:\Users\tobin\AppData\Roaming\npm-cache\a107b96b-fs.lock
21 silly addNameRange { name: 'fs', range: '*', hasData: false }
22 verbose url raw fs
23 verbose url resolving [ 'https://registry.npmjs.org/', './fs' ]
24 verbose url resolved https://registry.npmjs.org/fs
25 info trying registry request attempt 1 at 11:06:24
26 http GET https://registry.npmjs.org/fs
27 http 404 https://registry.npmjs.org/fs
28 silly registry.get cb [ 404,
28 silly registry.get   { server: 'CouchDB/1.3.0 (Erlang OTP/R15B03)',
28 silly registry.get     date: 'Tue, 30 Jul 2013 18:06:25 GMT',
28 silly registry.get     'content-type': 'application/json',
28 silly registry.get     'content-length': '52',
28 silly registry.get     'cache-control': 'must-revalidate' } ]
29 silly lockFile a107b96b-fs fs@
30 silly lockFile a107b96b-fs fs@
31 error 404 'fs' is not in the npm registry.
31 error 404 You should bug the author to publish it
31 error 404
31 error 404 Note that you can also install from a
31 error 404 tarball, folder, or http url, or git url.
32 error System Windows_NT 6.2.9200
33 error command "C:\\Program Files\\nodejs\\\\node.exe" "C:\\Program Files\\nodejs\\node_modules\\npm\\bin\\npm-cli.js" "install" "fs"
34 error cwd C:\Users\tobin\Documents\GitHub\form-similarity
35 error node -v v0.10.15
36 error npm -v 1.3.5
37 error code E404
38 verbose exit [ 1, true ]
